{"timestamp": "2025-10-05T09:27:06.117120", "level": "INFO", "message": "Python found: Python 3.11.9"}
{"timestamp": "2025-10-05T09:27:06.132987", "level": "INFO", "message": "pip found: pip 24.0 from C:\\Users\\shane\\AppData\\Local\\Programs\\Python\\Python311\\Lib\\site-packages\\pip (python 3.11)"}
{"timestamp": "2025-10-05T09:27:06.132987", "level": "INFO", "message": "Creating requirements.txt..."}
{"timestamp": "2025-10-05T09:27:06.132987", "level": "INFO", "message": "requirements.txt created with packages: requests, python-whois, jq"}
{"timestamp": "2025-10-05T09:27:06.132987", "level": "INFO", "message": "Installing Python packages from requirements.txt..."}
{"timestamp": "2025-10-05T09:27:06.990239", "level": "INFO", "message": "Python packages installed successfully"}
{"timestamp": "2025-10-05T09:27:07.002327", "level": "INFO", "message": "Starting Phase 1: GitHub Repo setup..."}
{"timestamp": "2025-10-05T09:27:07.132282", "level": "INFO", "message": "Git repo already initialized"}
{"timestamp": "2025-10-05T09:27:07.243678", "level": "INFO", "message": "No changes to commit"}
{"timestamp": "2025-10-05T09:27:07.259427", "level": "INFO", "message": "Creating Phase 2 directories..."}
{"timestamp": "2025-10-05T09:27:07.259427", "level": "INFO", "message": "Creating scripts/fetch_and_parse.py with parallel feed fetching and parsing..."}
{"timestamp": "2025-10-05T09:27:07.259427", "level": "INFO", "message": "Creating dynamic placeholder threat feed scripts..."}
{"timestamp": "2025-10-05T09:27:07.259427", "level": "INFO", "message": "Running all threat feed scripts in parallel..."}
{"timestamp": "2025-10-05T09:27:07.259427", "level": "ERROR", "message": "scripts/fetch_otx.py failed: bufsize must be an integer"}
{"timestamp": "2025-10-05T09:27:07.259427", "level": "ERROR", "message": "scripts/fetch_hf.py failed: bufsize must be an integer"}
{"timestamp": "2025-10-05T09:27:07.259427", "level": "ERROR", "message": "scripts/fetch_abuseipdb.py failed: bufsize must be an integer"}
{"timestamp": "2025-10-05T09:27:07.259427", "level": "ERROR", "message": "scripts/fetch_ipinfo.py failed: bufsize must be an integer"}
{"timestamp": "2025-10-05T09:27:07.259427", "level": "ERROR", "message": "scripts/fetch_whois.py failed: bufsize must be an integer"}
{"timestamp": "2025-10-05T09:27:07.259427", "level": "INFO", "message": "Creating ZIP archive ./dist/feeds_20251005092707.zip"}
{"timestamp": "2025-10-05T09:27:07.259427", "level": "INFO", "message": "ZIP archive created: ./dist/feeds_20251005092707.zip"}
{"timestamp": "2025-10-05T09:27:08.939245", "level": "INFO", "message": "Creating GitHub release v1.0.0 (placeholder)"}
{"timestamp": "2025-10-05T09:27:08.939245", "level": "INFO", "message": "Generating Phase 3 GitHub Actions workflow..."}
{"timestamp": "2025-10-05T09:27:08.940246", "level": "INFO", "message": "Workflow written to .github/workflows\\phase3_update_feeds.yml"}
{"timestamp": "2025-10-05T09:27:08.940246", "level": "INFO", "message": "Unified Threat Feed setup complete!"}
